[1;33mW[0m: No config/ directory; using defaults for all options
P: Setting up cleanup function
P: Begin caching bootstrap stage...
W: skipping bootstrap_cache.restore
P: Begin bootstrapping system...
W: skipping bootstrap
P: Begin caching bootstrap stage...
W: skipping bootstrap_cache.save
P: Begin unmounting filesystems...
P: Setting up cleanup function
P: Begin caching chroot stage...
P: Begin mounting /dev/pts...
W: skipping chroot_devpts
P: Begin mounting /proc...
W: skipping chroot_proc
P: Begin mounting /sys...
W: skipping chroot_sysfs
P: Configuring file /etc/debian_chroot
W: skipping chroot_debianchroot
P: Configuring file /sbin/start-stop-daemon
W: skipping chroot_dpkg
P: Configuring file /usr/sbin/policy-rc.d
W: skipping chroot_sysv-rc
P: Configuring file /etc/hosts
W: skipping chroot_hosts
P: Configuring file /etc/resolv.conf
W: skipping chroot_resolv
P: Configuring file /etc/hostname
W: skipping chroot_hostname
P: Configuring file /etc/apt/apt.conf
P: Configuring file /etc/apt/sources.list
Get:1 http://security.debian.org lenny/updates Release.gpg [189B]
Get:2 http://security.debian.org lenny/updates Release [40.8kB]
Get:3 http://security.debian.org lenny/updates/main Packages [29.7kB]
Get:4 http://ftp.us.debian.org lenny Release.gpg [189B]
Hit http://ftp.us.debian.org lenny Release
Get:5 http://ftp.us.debian.org lenny/main Packages/DiffIndex [1482B]
Fetched 72.3kB in 43s (1664B/s)
Reading package lists...
Reading package lists...
Building dependency tree...
0 upgraded, 0 newly installed, 0 to remove and 0 not upgraded.
Reading package lists...
Building dependency tree...
0 upgraded, 0 newly installed, 0 to remove and 0 not upgraded.
Reading package lists...
Building dependency tree...
debian-archive-keyring is already the newest version.
0 upgraded, 0 newly installed, 0 to remove and 0 not upgraded.
Hit http://security.debian.org lenny/updates Release.gpg
Hit http://security.debian.org lenny/updates Release
Ign http://security.debian.org lenny/updates/main Packages/DiffIndex
Hit http://security.debian.org lenny/updates/main Packages
Hit http://ftp.us.debian.org lenny Release.gpg
Hit http://ftp.us.debian.org lenny Release
Hit http://ftp.us.debian.org lenny/main Packages/DiffIndex
Reading package lists...
P: Configuring file /etc/kernel-img.conf
P: Begin executing preseed...
P: Begin executing local preseeds...
P: Begin installing tasks...
P: Begin queueing installation of packages lists...
W: skipping chroot_packageslists
P: Begin queueing installation of packages...
W: skipping chroot_packages
P: Begin queueing installation of local packages...
P: Begin installing packages...
W: skipping chroot_install-packages
P: Begin installing localization packages...
W: skipping chroot_localization
P: Begin copying chroot local includes...
P: Begin applying chroot local patches...
P: Configuring package sysvinit
P: Begin executing local hooks...
P: Begin executing hooks...
P: Begin executing hacks...
W: skipping chroot_hacks
P: Deconfiguring file /etc/kernel-img.conf
P: Deconfiguring file /etc/apt/sources.list
P: Deconfiguring file /etc/apt/apt.conf
P: Deconfiguring file /etc/hostname
P: Deconfiguring file /bin/hostname
P: Begin unmounting filesystems...
